<?xml version="1.0" encoding="UTF-8"?>
<testng-results ignored="0" total="2" passed="2" failed="0" skipped="0">
  <reporter-output>
  </reporter-output>
  <suite started-at="2022-07-28T11:52:26 IST" name="Default suite" finished-at="2022-07-28T11:52:26 IST" duration-ms="68">
    <groups>
    </groups>
    <test started-at="2022-07-28T11:52:26 IST" name="Default test" finished-at="2022-07-28T11:52:26 IST" duration-ms="68">
      <class name="selenium.QTAutomation.TestngImplementation">
        <test-method signature="asub()[pri:0, instance:selenium.QTAutomation.TestngImplementation@5fbdfdcf]" started-at="2022-07-28T11:52:26 IST" name="asub" finished-at="2022-07-28T11:52:26 IST" duration-ms="10" status="PASS">
          <reporter-output>
          </reporter-output>
        </test-method> <!-- asub -->
        <test-method signature="sadd()[pri:0, instance:selenium.QTAutomation.TestngImplementation@5fbdfdcf]" started-at="2022-07-28T11:52:26 IST" name="sadd" finished-at="2022-07-28T11:52:26 IST" duration-ms="1" status="PASS">
          <reporter-output>
          </reporter-output>
        </test-method> <!-- sadd -->
      </class> <!-- selenium.QTAutomation.TestngImplementation -->
    </test> <!-- Default test -->
  </suite> <!-- Default suite -->
</testng-results>
